{
  "stats": {
    "suites": 12,
    "tests": 41,
    "passes": 23,
    "pending": 0,
    "failures": 18,
    "start": "2022-07-06T15:23:40.109Z",
    "end": "2022-07-06T15:25:15.686Z",
    "duration": 95577,
    "testsRegistered": 41,
    "passPercent": 56.09756097560976,
    "pendingPercent": 0,
    "other": 0,
    "hasOther": false,
    "skipped": 0,
    "hasSkipped": false
  },
  "results": [
    {
      "uuid": "1669da0a-cbff-4fd4-928b-5c6eb9a909c9",
      "title": "",
      "fullFile": "cypress/integration/project.spec.js",
      "file": "cypress/integration/project.spec.js",
      "beforeHooks": [],
      "afterHooks": [],
      "tests": [],
      "suites": [
        {
          "uuid": "9551baad-f1b4-4a84-9964-9162bc58eaf6",
          "title": "1 - Adicione à página o título \"Paleta de Cores\".",
          "fullFile": "",
          "file": "",
          "beforeHooks": [],
          "afterHooks": [],
          "tests": [
            {
              "title": "Verifica se contém um elemento `h1` com o id `title` com o título correto",
              "fullTitle": "1 - Adicione à página o título \"Paleta de Cores\". Verifica se contém um elemento `h1` com o id `title` com o título correto",
              "timedOut": null,
              "duration": 681,
              "state": "passed",
              "speed": "slow",
              "pass": true,
              "fail": false,
              "pending": false,
              "context": null,
              "code": "cy.get('h1#title').should('contain.text', 'Paleta de Cores');",
              "err": {},
              "uuid": "3a68884b-71fa-4b2a-a76c-0edcc1e84788",
              "parentUUID": "9551baad-f1b4-4a84-9964-9162bc58eaf6",
              "isHook": false,
              "skipped": false
            }
          ],
          "suites": [],
          "passes": [
            "3a68884b-71fa-4b2a-a76c-0edcc1e84788"
          ],
          "failures": [],
          "pending": [],
          "skipped": [],
          "duration": 681,
          "root": false,
          "rootEmpty": false,
          "_timeout": 2000
        },
        {
          "uuid": "1cb40f81-0fc6-4e00-ad50-0f43f5ee6d4b",
          "title": "2 - Adicione à página uma paleta de quatro cores distintas.",
          "fullFile": "",
          "file": "",
          "beforeHooks": [],
          "afterHooks": [],
          "tests": [
            {
              "title": "A paleta de cores deve ser um elemento com `id` denominado `color-palette` e ter mais de 0px de altura e de largura.",
              "fullTitle": "2 - Adicione à página uma paleta de quatro cores distintas. A paleta de cores deve ser um elemento com `id` denominado `color-palette` e ter mais de 0px de altura e de largura.",
              "timedOut": null,
              "duration": 540,
              "state": "passed",
              "speed": "slow",
              "pass": true,
              "fail": false,
              "pending": false,
              "context": null,
              "code": "cy.get('#color-palette').should('be.visible');\ncy.get('#color-palette').children('.color');",
              "err": {},
              "uuid": "9af45d32-2fe1-4076-af37-44142d3f15a3",
              "parentUUID": "1cb40f81-0fc6-4e00-ad50-0f43f5ee6d4b",
              "isHook": false,
              "skipped": false
            },
            {
              "title": "Verifica se cada cor individual da paleta de cores possui a `classe` chamada `color`.",
              "fullTitle": "2 - Adicione à página uma paleta de quatro cores distintas. Verifica se cada cor individual da paleta de cores possui a `classe` chamada `color`.",
              "timedOut": null,
              "duration": 410,
              "state": "passed",
              "speed": "slow",
              "pass": true,
              "fail": false,
              "pending": false,
              "context": null,
              "code": "cy.get('.color').should('have.length', 4).then(function (colors) {\n  for (var i = 0; i < colors.length; i++) {\n    cy.wrap(colors[i]).should('be.visible');\n  }\n});",
              "err": {},
              "uuid": "4792b947-768c-461e-ac5c-9f984ff134f1",
              "parentUUID": "1cb40f81-0fc6-4e00-ad50-0f43f5ee6d4b",
              "isHook": false,
              "skipped": false
            },
            {
              "title": "Verifica se a cor de fundo de cada elemento da paleta é a cor que o elemento representa. **A única cor não permitida na paleta é a cor branca.**",
              "fullTitle": "2 - Adicione à página uma paleta de quatro cores distintas. Verifica se a cor de fundo de cada elemento da paleta é a cor que o elemento representa. **A única cor não permitida na paleta é a cor branca.**",
              "timedOut": null,
              "duration": 409,
              "state": "passed",
              "speed": "slow",
              "pass": true,
              "fail": false,
              "pending": false,
              "context": null,
              "code": "cy.get('.color').each(function (color) {\n  cy.wrap(color).should('have.class', 'color').and('not.have.css', 'background-color', WHITE);\n  cy.wrap(color).should('have.css', 'background-color');\n});",
              "err": {},
              "uuid": "e47947dd-24ab-45dc-a3ca-1e0f1850c27d",
              "parentUUID": "1cb40f81-0fc6-4e00-ad50-0f43f5ee6d4b",
              "isHook": false,
              "skipped": false
            },
            {
              "title": "Verifica se cada elemento da paleta de cores tem uma borda preta, sólida e com 1 pixel de largura;",
              "fullTitle": "2 - Adicione à página uma paleta de quatro cores distintas. Verifica se cada elemento da paleta de cores tem uma borda preta, sólida e com 1 pixel de largura;",
              "timedOut": null,
              "duration": 314,
              "state": "passed",
              "speed": "slow",
              "pass": true,
              "fail": false,
              "pending": false,
              "context": null,
              "code": "cy.get('.color').each(function (color) {\n  cy.wrap(color).and('have.css', 'border', \"1px solid \".concat(BLACK)).and('have.class', 'color');\n});",
              "err": {},
              "uuid": "2659f6c7-5e47-454d-b6c4-6a68cda5a5fd",
              "parentUUID": "1cb40f81-0fc6-4e00-ad50-0f43f5ee6d4b",
              "isHook": false,
              "skipped": false
            },
            {
              "title": "Verifica se a paleta lista todas as cores disponíveis para utilização, lado a lado.",
              "fullTitle": "2 - Adicione à página uma paleta de quatro cores distintas. Verifica se a paleta lista todas as cores disponíveis para utilização, lado a lado.",
              "timedOut": null,
              "duration": 297,
              "state": "passed",
              "speed": "slow",
              "pass": true,
              "fail": false,
              "pending": false,
              "context": null,
              "code": "cy.get('.color').then(function (colors) {\n  for (var index = 1; index < colors.length; index += 1) {\n    var currentColor = colors[index];\n    var previousColor = colors[index - 1];\n    cy.wrap(currentColor).should('be.onTheRightOf', previousColor).and('be.horizontallyAlignedWith', previousColor);\n  }\n});",
              "err": {},
              "uuid": "3c00ac69-833f-4c8e-891f-74100a0f88c8",
              "parentUUID": "1cb40f81-0fc6-4e00-ad50-0f43f5ee6d4b",
              "isHook": false,
              "skipped": false
            },
            {
              "title": "Verifica se a paleta de cores está posicionada abaixo do título 'Paleta de Cores'",
              "fullTitle": "2 - Adicione à página uma paleta de quatro cores distintas. Verifica se a paleta de cores está posicionada abaixo do título 'Paleta de Cores'",
              "timedOut": null,
              "duration": 377,
              "state": "passed",
              "speed": "slow",
              "pass": true,
              "fail": false,
              "pending": false,
              "context": null,
              "code": "cy.get('h1#title').then(function (title) {\n  cy.get('#color-palette').should('be.belowOf', title);\n});",
              "err": {},
              "uuid": "e225a06f-b882-4f0e-8f64-18ed2178903c",
              "parentUUID": "1cb40f81-0fc6-4e00-ad50-0f43f5ee6d4b",
              "isHook": false,
              "skipped": false
            },
            {
              "title": "Verifica se a paleta de cores não contém cores repetidas.",
              "fullTitle": "2 - Adicione à página uma paleta de quatro cores distintas. Verifica se a paleta de cores não contém cores repetidas.",
              "timedOut": null,
              "duration": 181,
              "state": "passed",
              "speed": "slow",
              "pass": true,
              "fail": false,
              "pending": false,
              "context": null,
              "code": "cy.get('.color').then(function (colors) {\n  var allColors = Array.from(colors).map(function (color) {\n    return Cypress.$(color).css('background-color');\n  });\n  cy.log(allColors);\n  var uniqColors = (0, _toConsumableArray2[\"default\"])(new Set(allColors));\n  cy.log(uniqColors);\n  expect(allColors.length).to.eq(uniqColors.length);\n});",
              "err": {},
              "uuid": "0b814b95-fba0-41c9-8bbe-45a55e232cc1",
              "parentUUID": "1cb40f81-0fc6-4e00-ad50-0f43f5ee6d4b",
              "isHook": false,
              "skipped": false
            }
          ],
          "suites": [],
          "passes": [
            "9af45d32-2fe1-4076-af37-44142d3f15a3",
            "4792b947-768c-461e-ac5c-9f984ff134f1",
            "e47947dd-24ab-45dc-a3ca-1e0f1850c27d",
            "2659f6c7-5e47-454d-b6c4-6a68cda5a5fd",
            "3c00ac69-833f-4c8e-891f-74100a0f88c8",
            "e225a06f-b882-4f0e-8f64-18ed2178903c",
            "0b814b95-fba0-41c9-8bbe-45a55e232cc1"
          ],
          "failures": [],
          "pending": [],
          "skipped": [],
          "duration": 2528,
          "root": false,
          "rootEmpty": false,
          "_timeout": 2000
        },
        {
          "uuid": "a57050fa-49ac-4bfd-8eae-5cf539ec8db2",
          "title": "3 - Adicione a cor **preta** como a primeira cor da paleta de cores.",
          "fullFile": "",
          "file": "",
          "beforeHooks": [],
          "afterHooks": [],
          "tests": [
            {
              "title": "Verifica se a primeira cor da paleta é preta",
              "fullTitle": "3 - Adicione a cor **preta** como a primeira cor da paleta de cores. Verifica se a primeira cor da paleta é preta",
              "timedOut": null,
              "duration": 383,
              "state": "passed",
              "speed": "slow",
              "pass": true,
              "fail": false,
              "pending": false,
              "context": null,
              "code": "cy.get('.color').first().should('have.css', 'background-color', BLACK);",
              "err": {},
              "uuid": "5fdb3e40-01bb-44c3-8ebf-f26c16d54961",
              "parentUUID": "a57050fa-49ac-4bfd-8eae-5cf539ec8db2",
              "isHook": false,
              "skipped": false
            },
            {
              "title": "Verifica se as demais cores podem ser escolhidas livremente.",
              "fullTitle": "3 - Adicione a cor **preta** como a primeira cor da paleta de cores. Verifica se as demais cores podem ser escolhidas livremente.",
              "timedOut": null,
              "duration": 426,
              "state": "passed",
              "speed": "slow",
              "pass": true,
              "fail": false,
              "pending": false,
              "context": null,
              "code": "cy.get('.color').eq(1).should('not.have.css', 'background-color', BLACK);\ncy.get('.color').eq(1).should('not.have.css', 'background-color', WHITE);\ncy.get('.color').eq(1).should('not.have.css', 'background-color', 'rgba(0, 0, 0, 0)');\ncy.get('.color').eq(1).should('have.css', 'background-color');\ncy.get('.color').eq(2).should('not.have.css', 'background-color', BLACK);\ncy.get('.color').eq(2).should('not.have.css', 'background-color', WHITE);\ncy.get('.color').eq(2).should('not.have.css', 'background-color', 'rgba(0, 0, 0, 0)');\ncy.get('.color').eq(2).should('have.css', 'background-color');\ncy.get('.color').eq(3).should('not.have.css', 'background-color', BLACK);\ncy.get('.color').eq(3).should('not.have.css', 'background-color', WHITE);\ncy.get('.color').eq(3).should('not.have.css', 'background-color', 'rgba(0, 0, 0, 0)');\ncy.get('.color').eq(3).should('have.css', 'background-color');",
              "err": {},
              "uuid": "9ca7b712-0902-4e65-9dda-ccdbfde0f5a9",
              "parentUUID": "a57050fa-49ac-4bfd-8eae-5cf539ec8db2",
              "isHook": false,
              "skipped": false
            }
          ],
          "suites": [],
          "passes": [
            "5fdb3e40-01bb-44c3-8ebf-f26c16d54961",
            "9ca7b712-0902-4e65-9dda-ccdbfde0f5a9"
          ],
          "failures": [],
          "pending": [],
          "skipped": [],
          "duration": 809,
          "root": false,
          "rootEmpty": false,
          "_timeout": 2000
        },
        {
          "uuid": "e31466dd-9a8a-4d2b-82e9-705d08140c90",
          "title": "4 - Adicione à página um quadro de pixels, com 25 pixels.",
          "fullFile": "",
          "file": "",
          "beforeHooks": [],
          "afterHooks": [],
          "tests": [
            {
              "title": "Verifica se o quadro de pixels possui o `id` denominado `pixel-board`",
              "fullTitle": "4 - Adicione à página um quadro de pixels, com 25 pixels. Verifica se o quadro de pixels possui o `id` denominado `pixel-board`",
              "timedOut": null,
              "duration": 4629,
              "state": "failed",
              "speed": null,
              "pass": false,
              "fail": true,
              "pending": false,
              "context": null,
              "code": "cy.get('#pixel-board').should('be.visible');",
              "err": {
                "message": "CypressError: Timed out retrying: expected '<div#pixel-board>' to be 'visible'\n\nThis element '<div#pixel-board>' is not visible because it has an effective width and height of: '270 x 0' pixels.",
                "estack": "CypressError: Timed out retrying: expected '<div#pixel-board>' to be 'visible'\n\nThis element '<div#pixel-board>' is not visible because it has an effective width and height of: '270 x 0' pixels.\n    at cypressErr (http://localhost:33389/__cypress/runner/cypress_runner.js:149934:9)\n    at throwErr (http://localhost:33389/__cypress/runner/cypress_runner.js:149867:11)\n    at Object.throwErrByPath (http://localhost:33389/__cypress/runner/cypress_runner.js:149915:3)\n    at retry (http://localhost:33389/__cypress/runner/cypress_runner.js:144197:19)\n    at onFailFn (http://localhost:33389/__cypress/runner/cypress_runner.js:132448:16)\n    at tryCatcher (http://localhost:33389/__cypress/runner/cypress_runner.js:167415:23)\n    at Promise._settlePromiseFromHandler (http://localhost:33389/__cypress/runner/cypress_runner.js:165351:31)\n    at Promise._settlePromise (http://localhost:33389/__cypress/runner/cypress_runner.js:165408:18)\n    at Promise._settlePromise0 (http://localhost:33389/__cypress/runner/cypress_runner.js:165453:10)\n    at Promise._settlePromises (http://localhost:33389/__cypress/runner/cypress_runner.js:165528:18)\n    at Async../node_modules/bluebird/js/release/async.js.Async._drainQueue (http://localhost:33389/__cypress/runner/cypress_runner.js:162140:16)\n    at Async../node_modules/bluebird/js/release/async.js.Async._drainQueues (http://localhost:33389/__cypress/runner/cypress_runner.js:162150:10)\n    at Async.drainQueues (http://localhost:33389/__cypress/runner/cypress_runner.js:162024:14)",
                "diff": null
              },
              "uuid": "4fcd25a0-a9bc-43b8-aec2-4198ac940703",
              "parentUUID": "e31466dd-9a8a-4d2b-82e9-705d08140c90",
              "isHook": false,
              "skipped": false
            },
            {
              "title": "Verifica se cada pixel individual dentro do quadro possui a `classe` denominada `pixel`.",
              "fullTitle": "4 - Adicione à página um quadro de pixels, com 25 pixels. Verifica se cada pixel individual dentro do quadro possui a `classe` denominada `pixel`.",
              "timedOut": null,
              "duration": 312,
              "state": "passed",
              "speed": "slow",
              "pass": true,
              "fail": false,
              "pending": false,
              "context": null,
              "code": "cy.get('.pixel').should('have.length', 25);",
              "err": {},
              "uuid": "c65d7bc5-848b-41fa-a48f-81948052db78",
              "parentUUID": "e31466dd-9a8a-4d2b-82e9-705d08140c90",
              "isHook": false,
              "skipped": false
            },
            {
              "title": "Verifica se a cor inicial dos pixels dentro do quadro, ao abrir a página, é branca.",
              "fullTitle": "4 - Adicione à página um quadro de pixels, com 25 pixels. Verifica se a cor inicial dos pixels dentro do quadro, ao abrir a página, é branca.",
              "timedOut": null,
              "duration": 264,
              "state": "passed",
              "speed": "slow",
              "pass": true,
              "fail": false,
              "pending": false,
              "context": null,
              "code": "cy.get('.pixel').should('have.length', 25).each(function (pixel) {\n  expect(pixel).to.have.css('background-color', WHITE);\n});",
              "err": {},
              "uuid": "f9471a62-0e29-406f-8edf-963e8aa43d5d",
              "parentUUID": "e31466dd-9a8a-4d2b-82e9-705d08140c90",
              "isHook": false,
              "skipped": false
            },
            {
              "title": "Verifica se o quadro de pixels aparece abaixo da paleta de cores",
              "fullTitle": "4 - Adicione à página um quadro de pixels, com 25 pixels. Verifica se o quadro de pixels aparece abaixo da paleta de cores",
              "timedOut": null,
              "duration": 221,
              "state": "passed",
              "speed": "slow",
              "pass": true,
              "fail": false,
              "pending": false,
              "context": null,
              "code": "cy.get('#color-palette').then(function (palette) {\n  cy.get('#pixel-board').should('be.belowOf', palette);\n});",
              "err": {},
              "uuid": "92bf51c2-9f13-42bb-a414-cf07e6331a0b",
              "parentUUID": "e31466dd-9a8a-4d2b-82e9-705d08140c90",
              "isHook": false,
              "skipped": false
            }
          ],
          "suites": [],
          "passes": [
            "c65d7bc5-848b-41fa-a48f-81948052db78",
            "f9471a62-0e29-406f-8edf-963e8aa43d5d",
            "92bf51c2-9f13-42bb-a414-cf07e6331a0b"
          ],
          "failures": [
            "4fcd25a0-a9bc-43b8-aec2-4198ac940703"
          ],
          "pending": [],
          "skipped": [],
          "duration": 5426,
          "root": false,
          "rootEmpty": false,
          "_timeout": 2000
        },
        {
          "uuid": "4532c9af-22f5-4b62-8d5c-b588b8412c18",
          "title": "5 - Faça com que cada elemento do quadro de pixels possua 40 pixels de largura, 40 pixels de altura e seja delimitado por uma borda preta de 1 pixel.",
          "fullFile": "",
          "file": "",
          "beforeHooks": [],
          "afterHooks": [],
          "tests": [
            {
              "title": "Verifica se o quadro de pixels tem altura e comprimento de 5 elementos",
              "fullTitle": "5 - Faça com que cada elemento do quadro de pixels possua 40 pixels de largura, 40 pixels de altura e seja delimitado por uma borda preta de 1 pixel. Verifica se o quadro de pixels tem altura e comprimento de 5 elementos",
              "timedOut": null,
              "duration": 620,
              "state": "passed",
              "speed": "slow",
              "pass": true,
              "fail": false,
              "pending": false,
              "context": null,
              "code": "cy.get('.pixel').should('have.length', 25).each(function (pixel) {\n  expect(pixel).to.have.css('background-color', WHITE);\n}).and(function (pixels) {\n  var rows = chunk(pixels, 5);\n  rows.forEach(function (row) {\n    for (var index = 1; index < row.length; index += 1) {\n      var current = pixels[index];\n      var previous = pixels[index - 1];\n      cy.wrap(current).should('be.onTheRightOf', previous).and('be.horizontallyAlignedWith', previous);\n    }\n  });\n  for (var index = 1; index < 5; index += 1) {\n    expect(pixels[index * 5]).to.be.belowOf(pixels[(index - 1) * 5]);\n  }\n});",
              "err": {},
              "uuid": "28a3aff5-e769-426a-ac36-05904b708610",
              "parentUUID": "4532c9af-22f5-4b62-8d5c-b588b8412c18",
              "isHook": false,
              "skipped": false
            },
            {
              "title": "Verifica se 40 pixels é o tamanho total do elemento, incluindo seu conteúdo e excluindo a borda preta, que deve ser criada à parte.",
              "fullTitle": "5 - Faça com que cada elemento do quadro de pixels possua 40 pixels de largura, 40 pixels de altura e seja delimitado por uma borda preta de 1 pixel. Verifica se 40 pixels é o tamanho total do elemento, incluindo seu conteúdo e excluindo a borda preta, que deve ser criada à parte.",
              "timedOut": null,
              "duration": 554,
              "state": "passed",
              "speed": "slow",
              "pass": true,
              "fail": false,
              "pending": false,
              "context": null,
              "code": "cy.get('.pixel').each(function (pixel) {\n  cy.wrap(pixel).should('have.css', 'height', '40px').and('have.css', 'width', '40px').and('have.css', 'border', \"1px solid \".concat(BLACK));\n});",
              "err": {},
              "uuid": "aaa5ddb2-0d0e-4de8-bd87-4ee09c99add7",
              "parentUUID": "4532c9af-22f5-4b62-8d5c-b588b8412c18",
              "isHook": false,
              "skipped": false
            }
          ],
          "suites": [],
          "passes": [
            "28a3aff5-e769-426a-ac36-05904b708610",
            "aaa5ddb2-0d0e-4de8-bd87-4ee09c99add7"
          ],
          "failures": [],
          "pending": [],
          "skipped": [],
          "duration": 1174,
          "root": false,
          "rootEmpty": false,
          "_timeout": 2000
        },
        {
          "uuid": "f60da17a-c139-496e-bedf-a0095467604d",
          "title": "6 - Defina a cor preta como cor inicial. Ao carregar a página a cor preta já deve estar selecionada para pintar os pixels",
          "fullFile": "",
          "file": "",
          "beforeHooks": [],
          "afterHooks": [],
          "tests": [
            {
              "title": "Verifica se o elemento da cor preta possui, inicialmente, a `classe` `selected`",
              "fullTitle": "6 - Defina a cor preta como cor inicial. Ao carregar a página a cor preta já deve estar selecionada para pintar os pixels Verifica se o elemento da cor preta possui, inicialmente, a `classe` `selected`",
              "timedOut": null,
              "duration": 406,
              "state": "passed",
              "speed": "slow",
              "pass": true,
              "fail": false,
              "pending": false,
              "context": null,
              "code": "cy.get('.selected').first().should('have.css', 'background-color', BLACK);",
              "err": {},
              "uuid": "7e7052bb-4099-4c4a-85d8-b7e49c5e204b",
              "parentUUID": "f60da17a-c139-496e-bedf-a0095467604d",
              "isHook": false,
              "skipped": false
            },
            {
              "title": "Verifica se nenhuma outra cor da paleta tem a `classe` `selected`",
              "fullTitle": "6 - Defina a cor preta como cor inicial. Ao carregar a página a cor preta já deve estar selecionada para pintar os pixels Verifica se nenhuma outra cor da paleta tem a `classe` `selected`",
              "timedOut": null,
              "duration": 279,
              "state": "passed",
              "speed": "slow",
              "pass": true,
              "fail": false,
              "pending": false,
              "context": null,
              "code": "cy.get('.color:not(:first-child)').each(function (color) {\n  cy.wrap(color).should('not.have.class', 'selected');\n});",
              "err": {},
              "uuid": "c4a8f685-c61d-427c-a34f-f8eeddb91a40",
              "parentUUID": "f60da17a-c139-496e-bedf-a0095467604d",
              "isHook": false,
              "skipped": false
            }
          ],
          "suites": [],
          "passes": [
            "7e7052bb-4099-4c4a-85d8-b7e49c5e204b",
            "c4a8f685-c61d-427c-a34f-f8eeddb91a40"
          ],
          "failures": [],
          "pending": [],
          "skipped": [],
          "duration": 685,
          "root": false,
          "rootEmpty": false,
          "_timeout": 2000
        },
        {
          "uuid": "c68c9ef0-4abc-4ce6-b3bf-bcb7042a258e",
          "title": "7 - Clicar em uma das cores da paleta, faz com que ela seja selecionada e utilizada para preencher os pixels no quadro.",
          "fullFile": "",
          "file": "",
          "beforeHooks": [],
          "afterHooks": [],
          "tests": [
            {
              "title": "Verifica se somente uma cor da paleta de cores tem a classe `selected` de cada vez",
              "fullTitle": "7 - Clicar em uma das cores da paleta, faz com que ela seja selecionada e utilizada para preencher os pixels no quadro. Verifica se somente uma cor da paleta de cores tem a classe `selected` de cada vez",
              "timedOut": null,
              "duration": 723,
              "state": "passed",
              "speed": "slow",
              "pass": true,
              "fail": false,
              "pending": false,
              "context": null,
              "code": "cy.get('.color').each(function (selectedColor, selectedColorIndex) {\n  cy.wrap(selectedColor).click();\n  cy.get('.color').each(function (color, colorIndex) {\n    if (colorIndex === selectedColorIndex) {\n      expect(color).to.have[\"class\"]('selected');\n    } else {\n      expect(color).not.to.have[\"class\"]('selected');\n    }\n  });\n});",
              "err": {},
              "uuid": "12aae7fc-a5e2-49b2-af79-9a671a6e299e",
              "parentUUID": "c68c9ef0-4abc-4ce6-b3bf-bcb7042a258e",
              "isHook": false,
              "skipped": false
            },
            {
              "title": "Verifica se os pixels dentro do quadro não têm a classe `selected` quando são clicados",
              "fullTitle": "7 - Clicar em uma das cores da paleta, faz com que ela seja selecionada e utilizada para preencher os pixels no quadro. Verifica se os pixels dentro do quadro não têm a classe `selected` quando são clicados",
              "timedOut": null,
              "duration": 9234,
              "state": "passed",
              "speed": "slow",
              "pass": true,
              "fail": false,
              "pending": false,
              "context": null,
              "code": "cy.get('.color').each(function (color) {\n  var backgroundColor = color.css('background-color');\n  cy.wrap(color).click();\n  cy.get('.pixel').each(function (pixel) {\n    cy.wrap(pixel).click().should('not.have.class', 'selected');\n  });\n});",
              "err": {},
              "uuid": "ce808745-aea0-4dbb-b605-c4a246fb9d66",
              "parentUUID": "c68c9ef0-4abc-4ce6-b3bf-bcb7042a258e",
              "isHook": false,
              "skipped": false
            }
          ],
          "suites": [],
          "passes": [
            "12aae7fc-a5e2-49b2-af79-9a671a6e299e",
            "ce808745-aea0-4dbb-b605-c4a246fb9d66"
          ],
          "failures": [],
          "pending": [],
          "skipped": [],
          "duration": 9957,
          "root": false,
          "rootEmpty": false,
          "_timeout": 2000
        },
        {
          "uuid": "c0f2e4b4-8381-43f5-8129-bb91352a4475",
          "title": "8 - Clicar em um pixel dentro do quadro após selecionar uma cor na paleta, faz com que o pixel seja preenchido com a cor selecionada.",
          "fullFile": "",
          "file": "",
          "beforeHooks": [],
          "afterHooks": [],
          "tests": [
            {
              "title": "Verifica se ao carregar a página deve ser possível pintar os pixels de preto",
              "fullTitle": "8 - Clicar em um pixel dentro do quadro após selecionar uma cor na paleta, faz com que o pixel seja preenchido com a cor selecionada. Verifica se ao carregar a página deve ser possível pintar os pixels de preto",
              "timedOut": null,
              "duration": 4707,
              "state": "failed",
              "speed": null,
              "pass": false,
              "fail": true,
              "pending": false,
              "context": null,
              "code": "cy.get('.pixel').each(function (pixel) {\n  cy.wrap(pixel).click().should('have.css', 'background-color', BLACK);\n});",
              "err": {
                "message": "CypressError: Timed out retrying: expected '<div.pixel>' to have CSS property 'background-color' with the value 'rgb(0, 0, 0)', but the value was 'rgb(255, 255, 255)'",
                "estack": "CypressError: Timed out retrying: expected '<div.pixel>' to have CSS property 'background-color' with the value 'rgb(0, 0, 0)', but the value was 'rgb(255, 255, 255)'\n    at cypressErr (http://localhost:33389/__cypress/runner/cypress_runner.js:149934:9)\n    at throwErr (http://localhost:33389/__cypress/runner/cypress_runner.js:149867:11)\n    at Object.throwErrByPath (http://localhost:33389/__cypress/runner/cypress_runner.js:149915:3)\n    at retry (http://localhost:33389/__cypress/runner/cypress_runner.js:144197:19)\n    at onFailFn (http://localhost:33389/__cypress/runner/cypress_runner.js:132448:16)\n    at tryCatcher (http://localhost:33389/__cypress/runner/cypress_runner.js:167415:23)\n    at Promise._settlePromiseFromHandler (http://localhost:33389/__cypress/runner/cypress_runner.js:165351:31)\n    at Promise._settlePromise (http://localhost:33389/__cypress/runner/cypress_runner.js:165408:18)\n    at Promise._settlePromise0 (http://localhost:33389/__cypress/runner/cypress_runner.js:165453:10)\n    at Promise._settlePromises (http://localhost:33389/__cypress/runner/cypress_runner.js:165528:18)\n    at Async../node_modules/bluebird/js/release/async.js.Async._drainQueue (http://localhost:33389/__cypress/runner/cypress_runner.js:162140:16)\n    at Async../node_modules/bluebird/js/release/async.js.Async._drainQueues (http://localhost:33389/__cypress/runner/cypress_runner.js:162150:10)\n    at Async.drainQueues (http://localhost:33389/__cypress/runner/cypress_runner.js:162024:14)",
                "diff": null
              },
              "uuid": "f3d1b918-3d21-4b2d-9485-cc1ff3a24151",
              "parentUUID": "c0f2e4b4-8381-43f5-8129-bb91352a4475",
              "isHook": false,
              "skipped": false
            },
            {
              "title": "Verifica se após selecionar uma outra cor na paleta, é possível pintar os pixels com essa cor",
              "fullTitle": "8 - Clicar em um pixel dentro do quadro após selecionar uma cor na paleta, faz com que o pixel seja preenchido com a cor selecionada. Verifica se após selecionar uma outra cor na paleta, é possível pintar os pixels com essa cor",
              "timedOut": null,
              "duration": 4673,
              "state": "failed",
              "speed": null,
              "pass": false,
              "fail": true,
              "pending": false,
              "context": null,
              "code": "cy.get('.color').each(function (color) {\n  var backgroundColor = color.css('background-color');\n  cy.wrap(color).click();\n  cy.get('.pixel').each(function (pixel) {\n    cy.wrap(pixel).click().should('have.css', 'background-color', backgroundColor);\n  });\n});",
              "err": {
                "message": "CypressError: Timed out retrying: expected '<div.pixel>' to have CSS property 'background-color' with the value 'rgb(0, 0, 0)', but the value was 'rgb(255, 255, 255)'",
                "estack": "CypressError: Timed out retrying: expected '<div.pixel>' to have CSS property 'background-color' with the value 'rgb(0, 0, 0)', but the value was 'rgb(255, 255, 255)'\n    at cypressErr (http://localhost:33389/__cypress/runner/cypress_runner.js:149934:9)\n    at throwErr (http://localhost:33389/__cypress/runner/cypress_runner.js:149867:11)\n    at Object.throwErrByPath (http://localhost:33389/__cypress/runner/cypress_runner.js:149915:3)\n    at retry (http://localhost:33389/__cypress/runner/cypress_runner.js:144197:19)\n    at onFailFn (http://localhost:33389/__cypress/runner/cypress_runner.js:132448:16)\n    at tryCatcher (http://localhost:33389/__cypress/runner/cypress_runner.js:167415:23)\n    at Promise._settlePromiseFromHandler (http://localhost:33389/__cypress/runner/cypress_runner.js:165351:31)\n    at Promise._settlePromise (http://localhost:33389/__cypress/runner/cypress_runner.js:165408:18)\n    at Promise._settlePromise0 (http://localhost:33389/__cypress/runner/cypress_runner.js:165453:10)\n    at Promise._settlePromises (http://localhost:33389/__cypress/runner/cypress_runner.js:165528:18)\n    at Async../node_modules/bluebird/js/release/async.js.Async._drainQueue (http://localhost:33389/__cypress/runner/cypress_runner.js:162140:16)\n    at Async../node_modules/bluebird/js/release/async.js.Async._drainQueues (http://localhost:33389/__cypress/runner/cypress_runner.js:162150:10)\n    at Async.drainQueues (http://localhost:33389/__cypress/runner/cypress_runner.js:162024:14)",
                "diff": null
              },
              "uuid": "da1fe8cf-95a0-4664-bde0-a098af6c9106",
              "parentUUID": "c0f2e4b4-8381-43f5-8129-bb91352a4475",
              "isHook": false,
              "skipped": false
            },
            {
              "title": "Verifica se somente o pixel que foi clicado foi preenchido com a cor selecionada, sem influenciar na cor dos demais pixels.",
              "fullTitle": "8 - Clicar em um pixel dentro do quadro após selecionar uma cor na paleta, faz com que o pixel seja preenchido com a cor selecionada. Verifica se somente o pixel que foi clicado foi preenchido com a cor selecionada, sem influenciar na cor dos demais pixels.",
              "timedOut": null,
              "duration": 1839,
              "state": "passed",
              "speed": "slow",
              "pass": true,
              "fail": false,
              "pending": false,
              "context": null,
              "code": "var colorToPixelIndexMap = {\n  0: 6,\n  1: 8,\n  2: 16,\n  3: 18\n};\ncy.get('.color').each(function (color, index) {\n  cy.wrap(color).click();\n  var backgroundColor = color.css('background-color');\n  var clickedPixelIndex = colorToPixelIndexMap[index];\n  cy.get('.pixel').eq(clickedPixelIndex).click();\n  cy.get('.pixel').eq(clickedPixelIndex - 1).should('not.have.css', 'background-color', backgroundColor);\n  cy.get('.pixel').eq(clickedPixelIndex + 1).should('not.have.css', 'background-color', backgroundColor);\n  cy.get('.pixel').eq(clickedPixelIndex - 5).should('not.have.css', 'background-color', backgroundColor);\n  cy.get('.pixel').eq(clickedPixelIndex + 5).should('not.have.css', 'background-color', backgroundColor);\n  cy.get('.pixel').eq(clickedPixelIndex - 6).should('not.have.css', 'background-color', backgroundColor);\n  cy.get('.pixel').eq(clickedPixelIndex - 4).should('not.have.css', 'background-color', backgroundColor);\n  cy.get('.pixel').eq(clickedPixelIndex + 4).should('not.have.css', 'background-color', backgroundColor);\n  cy.get('.pixel').eq(clickedPixelIndex + 6).should('not.have.css', 'background-color', backgroundColor);\n});",
              "err": {},
              "uuid": "abc421e7-8439-4a5c-a050-7035de1ad7af",
              "parentUUID": "c0f2e4b4-8381-43f5-8129-bb91352a4475",
              "isHook": false,
              "skipped": false
            }
          ],
          "suites": [],
          "passes": [
            "abc421e7-8439-4a5c-a050-7035de1ad7af"
          ],
          "failures": [
            "f3d1b918-3d21-4b2d-9485-cc1ff3a24151",
            "da1fe8cf-95a0-4664-bde0-a098af6c9106"
          ],
          "pending": [],
          "skipped": [],
          "duration": 11219,
          "root": false,
          "rootEmpty": false,
          "_timeout": 2000
        },
        {
          "uuid": "ce856b74-25a5-4297-9c6f-891e9c7322e3",
          "title": "9 - Crie um botão que, ao ser clicado, limpa o quadro preenchendo a cor de todos seus pixels com branco.",
          "fullFile": "",
          "file": "",
          "beforeHooks": [],
          "afterHooks": [],
          "tests": [
            {
              "title": "Verifica se o botão tem o `id` denominado `clear-board`",
              "fullTitle": "9 - Crie um botão que, ao ser clicado, limpa o quadro preenchendo a cor de todos seus pixels com branco. Verifica se o botão tem o `id` denominado `clear-board`",
              "timedOut": null,
              "duration": 436,
              "state": "passed",
              "speed": "slow",
              "pass": true,
              "fail": false,
              "pending": false,
              "context": null,
              "code": "cy.get('#clear-board').should('be.visible');",
              "err": {},
              "uuid": "dc9270a1-8147-4f68-90db-41e34cf605f3",
              "parentUUID": "ce856b74-25a5-4297-9c6f-891e9c7322e3",
              "isHook": false,
              "skipped": false
            },
            {
              "title": "Verifica se o botão está posicionado entre a paleta de cores e o quadro de pixels",
              "fullTitle": "9 - Crie um botão que, ao ser clicado, limpa o quadro preenchendo a cor de todos seus pixels com branco. Verifica se o botão está posicionado entre a paleta de cores e o quadro de pixels",
              "timedOut": null,
              "duration": 285,
              "state": "passed",
              "speed": "slow",
              "pass": true,
              "fail": false,
              "pending": false,
              "context": null,
              "code": "cy.get('#color-palette').then(function (palette) {\n  cy.get('#clear-board').should('be.belowOf', palette);\n});\ncy.get('#clear-board').then(function (clearBtn) {\n  cy.get('#pixel-board').should('be.belowOf', clearBtn);\n});",
              "err": {},
              "uuid": "b90b9f7c-14c5-45ea-84d2-09f7948da181",
              "parentUUID": "ce856b74-25a5-4297-9c6f-891e9c7322e3",
              "isHook": false,
              "skipped": false
            },
            {
              "title": "Verifica se o texto do botão é 'Limpar'",
              "fullTitle": "9 - Crie um botão que, ao ser clicado, limpa o quadro preenchendo a cor de todos seus pixels com branco. Verifica se o texto do botão é 'Limpar'",
              "timedOut": null,
              "duration": 179,
              "state": "passed",
              "speed": "slow",
              "pass": true,
              "fail": false,
              "pending": false,
              "context": null,
              "code": "cy.get('#clear-board').should('contain.text', 'Limpar');",
              "err": {},
              "uuid": "535bc532-749b-400c-92b9-8c8e98aa637c",
              "parentUUID": "ce856b74-25a5-4297-9c6f-891e9c7322e3",
              "isHook": false,
              "skipped": false
            },
            {
              "title": "Verifica se ao clicar no botão, o quadro de pixels é totalmente preenchido de branco",
              "fullTitle": "9 - Crie um botão que, ao ser clicado, limpa o quadro preenchendo a cor de todos seus pixels com branco. Verifica se ao clicar no botão, o quadro de pixels é totalmente preenchido de branco",
              "timedOut": null,
              "duration": 4573,
              "state": "failed",
              "speed": null,
              "pass": false,
              "fail": true,
              "pending": false,
              "context": null,
              "code": "cy.get('.color').eq(1).then(function (color) {\n  var backgroundColor = color.css('background-color');\n  cy.wrap(color).click();\n  cy.get('.pixel').each(function (pixel) {\n    cy.wrap(pixel).click().should('have.css', 'background-color', backgroundColor);\n  });\n});\ncy.get('#clear-board').click();\ncy.get('.pixel').each(function (pixel) {\n  cy.wrap(pixel).should('have.css', 'background-color', WHITE);\n});",
              "err": {
                "message": "CypressError: Timed out retrying: expected '<div.pixel>' to have CSS property 'background-color' with the value 'rgb(0, 255, 255)', but the value was 'rgb(255, 255, 255)'",
                "estack": "CypressError: Timed out retrying: expected '<div.pixel>' to have CSS property 'background-color' with the value 'rgb(0, 255, 255)', but the value was 'rgb(255, 255, 255)'\n    at cypressErr (http://localhost:33389/__cypress/runner/cypress_runner.js:149934:9)\n    at throwErr (http://localhost:33389/__cypress/runner/cypress_runner.js:149867:11)\n    at Object.throwErrByPath (http://localhost:33389/__cypress/runner/cypress_runner.js:149915:3)\n    at retry (http://localhost:33389/__cypress/runner/cypress_runner.js:144197:19)\n    at onFailFn (http://localhost:33389/__cypress/runner/cypress_runner.js:132448:16)\n    at tryCatcher (http://localhost:33389/__cypress/runner/cypress_runner.js:167415:23)\n    at Promise._settlePromiseFromHandler (http://localhost:33389/__cypress/runner/cypress_runner.js:165351:31)\n    at Promise._settlePromise (http://localhost:33389/__cypress/runner/cypress_runner.js:165408:18)\n    at Promise._settlePromise0 (http://localhost:33389/__cypress/runner/cypress_runner.js:165453:10)\n    at Promise._settlePromises (http://localhost:33389/__cypress/runner/cypress_runner.js:165528:18)\n    at Async../node_modules/bluebird/js/release/async.js.Async._drainQueue (http://localhost:33389/__cypress/runner/cypress_runner.js:162140:16)\n    at Async../node_modules/bluebird/js/release/async.js.Async._drainQueues (http://localhost:33389/__cypress/runner/cypress_runner.js:162150:10)\n    at Async.drainQueues (http://localhost:33389/__cypress/runner/cypress_runner.js:162024:14)",
                "diff": null
              },
              "uuid": "f25f6f6c-a62f-4bde-b67b-8ed8f0754bbe",
              "parentUUID": "ce856b74-25a5-4297-9c6f-891e9c7322e3",
              "isHook": false,
              "skipped": false
            }
          ],
          "suites": [],
          "passes": [
            "dc9270a1-8147-4f68-90db-41e34cf605f3",
            "b90b9f7c-14c5-45ea-84d2-09f7948da181",
            "535bc532-749b-400c-92b9-8c8e98aa637c"
          ],
          "failures": [
            "f25f6f6c-a62f-4bde-b67b-8ed8f0754bbe"
          ],
          "pending": [],
          "skipped": [],
          "duration": 5473,
          "root": false,
          "rootEmpty": false,
          "_timeout": 2000
        },
        {
          "uuid": "9617fc68-8932-4381-af56-5c0de493b3a6",
          "title": "10 - Faça o quadro de pixels ter seu tamanho definido pelo usuário.",
          "fullFile": "",
          "file": "",
          "beforeHooks": [],
          "afterHooks": [],
          "tests": [
            {
              "title": "Verifica se existe um input com o id `board-size`",
              "fullTitle": "10 - Faça o quadro de pixels ter seu tamanho definido pelo usuário. Verifica se existe um input com o id `board-size`",
              "timedOut": null,
              "duration": 4641,
              "state": "failed",
              "speed": null,
              "pass": false,
              "fail": true,
              "pending": false,
              "context": null,
              "code": "cy.get('#board-size').should('be.visible');",
              "err": {
                "message": "CypressError: Timed out retrying: Expected to find element: '#board-size', but never found it.",
                "estack": "CypressError: Timed out retrying: Expected to find element: '#board-size', but never found it.\n    at cypressErr (http://localhost:33389/__cypress/runner/cypress_runner.js:149934:9)\n    at throwErr (http://localhost:33389/__cypress/runner/cypress_runner.js:149867:11)\n    at Object.throwErrByPath (http://localhost:33389/__cypress/runner/cypress_runner.js:149915:3)\n    at retry (http://localhost:33389/__cypress/runner/cypress_runner.js:144197:19)\n    at onFailFn (http://localhost:33389/__cypress/runner/cypress_runner.js:132448:16)\n    at tryCatcher (http://localhost:33389/__cypress/runner/cypress_runner.js:167415:23)\n    at Promise._settlePromiseFromHandler (http://localhost:33389/__cypress/runner/cypress_runner.js:165351:31)\n    at Promise._settlePromise (http://localhost:33389/__cypress/runner/cypress_runner.js:165408:18)\n    at Promise._settlePromise0 (http://localhost:33389/__cypress/runner/cypress_runner.js:165453:10)\n    at Promise._settlePromises (http://localhost:33389/__cypress/runner/cypress_runner.js:165528:18)\n    at Async../node_modules/bluebird/js/release/async.js.Async._drainQueue (http://localhost:33389/__cypress/runner/cypress_runner.js:162140:16)\n    at Async../node_modules/bluebird/js/release/async.js.Async._drainQueues (http://localhost:33389/__cypress/runner/cypress_runner.js:162150:10)\n    at Async.drainQueues (http://localhost:33389/__cypress/runner/cypress_runner.js:162024:14)",
                "diff": null
              },
              "uuid": "e1c8fb0f-872a-4db9-9808-ff915fff9dbd",
              "parentUUID": "9617fc68-8932-4381-af56-5c0de493b3a6",
              "isHook": false,
              "skipped": false
            },
            {
              "title": "Verifica se existe um botão com o id `generate-board`",
              "fullTitle": "10 - Faça o quadro de pixels ter seu tamanho definido pelo usuário. Verifica se existe um botão com o id `generate-board`",
              "timedOut": null,
              "duration": 4565,
              "state": "failed",
              "speed": null,
              "pass": false,
              "fail": true,
              "pending": false,
              "context": null,
              "code": "cy.get('#generate-board').should('be.visible');",
              "err": {
                "message": "CypressError: Timed out retrying: Expected to find element: '#generate-board', but never found it.",
                "estack": "CypressError: Timed out retrying: Expected to find element: '#generate-board', but never found it.\n    at cypressErr (http://localhost:33389/__cypress/runner/cypress_runner.js:149934:9)\n    at throwErr (http://localhost:33389/__cypress/runner/cypress_runner.js:149867:11)\n    at Object.throwErrByPath (http://localhost:33389/__cypress/runner/cypress_runner.js:149915:3)\n    at retry (http://localhost:33389/__cypress/runner/cypress_runner.js:144197:19)\n    at onFailFn (http://localhost:33389/__cypress/runner/cypress_runner.js:132448:16)\n    at tryCatcher (http://localhost:33389/__cypress/runner/cypress_runner.js:167415:23)\n    at Promise._settlePromiseFromHandler (http://localhost:33389/__cypress/runner/cypress_runner.js:165351:31)\n    at Promise._settlePromise (http://localhost:33389/__cypress/runner/cypress_runner.js:165408:18)\n    at Promise._settlePromise0 (http://localhost:33389/__cypress/runner/cypress_runner.js:165453:10)\n    at Promise._settlePromises (http://localhost:33389/__cypress/runner/cypress_runner.js:165528:18)\n    at Async../node_modules/bluebird/js/release/async.js.Async._drainQueue (http://localhost:33389/__cypress/runner/cypress_runner.js:162140:16)\n    at Async../node_modules/bluebird/js/release/async.js.Async._drainQueues (http://localhost:33389/__cypress/runner/cypress_runner.js:162150:10)\n    at Async.drainQueues (http://localhost:33389/__cypress/runner/cypress_runner.js:162024:14)",
                "diff": null
              },
              "uuid": "50cb5b45-df35-44c5-89f2-2255a12d120c",
              "parentUUID": "9617fc68-8932-4381-af56-5c0de493b3a6",
              "isHook": false,
              "skipped": false
            },
            {
              "title": "Verifica se o input só aceita número maiores que zero. Essa restrição deve ser feita usando os atributos do elemento `input`",
              "fullTitle": "10 - Faça o quadro de pixels ter seu tamanho definido pelo usuário. Verifica se o input só aceita número maiores que zero. Essa restrição deve ser feita usando os atributos do elemento `input`",
              "timedOut": null,
              "duration": 4529,
              "state": "failed",
              "speed": null,
              "pass": false,
              "fail": true,
              "pending": false,
              "context": null,
              "code": "cy.get('#board-size[type=\\'number\\'][min=\\'1\\']');",
              "err": {
                "message": "CypressError: Timed out retrying: Expected to find element: '#board-size[type='number'][min='1']', but never found it.",
                "estack": "CypressError: Timed out retrying: Expected to find element: '#board-size[type='number'][min='1']', but never found it.\n    at cypressErr (http://localhost:33389/__cypress/runner/cypress_runner.js:149934:9)\n    at throwErr (http://localhost:33389/__cypress/runner/cypress_runner.js:149867:11)\n    at Object.throwErrByPath (http://localhost:33389/__cypress/runner/cypress_runner.js:149915:3)\n    at retry (http://localhost:33389/__cypress/runner/cypress_runner.js:144197:19)\n    at onFailFn (http://localhost:33389/__cypress/runner/cypress_runner.js:132448:16)\n    at tryCatcher (http://localhost:33389/__cypress/runner/cypress_runner.js:167415:23)\n    at Promise._settlePromiseFromHandler (http://localhost:33389/__cypress/runner/cypress_runner.js:165351:31)\n    at Promise._settlePromise (http://localhost:33389/__cypress/runner/cypress_runner.js:165408:18)\n    at Promise._settlePromise0 (http://localhost:33389/__cypress/runner/cypress_runner.js:165453:10)\n    at Promise._settlePromises (http://localhost:33389/__cypress/runner/cypress_runner.js:165528:18)\n    at Async../node_modules/bluebird/js/release/async.js.Async._drainQueue (http://localhost:33389/__cypress/runner/cypress_runner.js:162140:16)\n    at Async../node_modules/bluebird/js/release/async.js.Async._drainQueues (http://localhost:33389/__cypress/runner/cypress_runner.js:162150:10)\n    at Async.drainQueues (http://localhost:33389/__cypress/runner/cypress_runner.js:162024:14)",
                "diff": null
              },
              "uuid": "6f185da0-3666-44c3-936a-c5cc0d00bf17",
              "parentUUID": "9617fc68-8932-4381-af56-5c0de493b3a6",
              "isHook": false,
              "skipped": false
            },
            {
              "title": "Verifica se o botão contém o texto 'VQV'",
              "fullTitle": "10 - Faça o quadro de pixels ter seu tamanho definido pelo usuário. Verifica se o botão contém o texto 'VQV'",
              "timedOut": null,
              "duration": 4536,
              "state": "failed",
              "speed": null,
              "pass": false,
              "fail": true,
              "pending": false,
              "context": null,
              "code": "cy.get('#generate-board').contains(/vqv/i);",
              "err": {
                "message": "CypressError: Timed out retrying: Expected to find element: '#generate-board', but never found it.",
                "estack": "CypressError: Timed out retrying: Expected to find element: '#generate-board', but never found it.\n    at cypressErr (http://localhost:33389/__cypress/runner/cypress_runner.js:149934:9)\n    at throwErr (http://localhost:33389/__cypress/runner/cypress_runner.js:149867:11)\n    at Object.throwErrByPath (http://localhost:33389/__cypress/runner/cypress_runner.js:149915:3)\n    at retry (http://localhost:33389/__cypress/runner/cypress_runner.js:144197:19)\n    at onFailFn (http://localhost:33389/__cypress/runner/cypress_runner.js:132448:16)\n    at tryCatcher (http://localhost:33389/__cypress/runner/cypress_runner.js:167415:23)\n    at Promise._settlePromiseFromHandler (http://localhost:33389/__cypress/runner/cypress_runner.js:165351:31)\n    at Promise._settlePromise (http://localhost:33389/__cypress/runner/cypress_runner.js:165408:18)\n    at Promise._settlePromise0 (http://localhost:33389/__cypress/runner/cypress_runner.js:165453:10)\n    at Promise._settlePromises (http://localhost:33389/__cypress/runner/cypress_runner.js:165528:18)\n    at Async../node_modules/bluebird/js/release/async.js.Async._drainQueue (http://localhost:33389/__cypress/runner/cypress_runner.js:162140:16)\n    at Async../node_modules/bluebird/js/release/async.js.Async._drainQueues (http://localhost:33389/__cypress/runner/cypress_runner.js:162150:10)\n    at Async.drainQueues (http://localhost:33389/__cypress/runner/cypress_runner.js:162024:14)",
                "diff": null
              },
              "uuid": "a7a0aaab-7129-46ac-a1aa-20208a4cd83d",
              "parentUUID": "9617fc68-8932-4381-af56-5c0de493b3a6",
              "isHook": false,
              "skipped": false
            },
            {
              "title": "Verifica se o input está posicionado entre a paleta de cores e o quadro de pixels",
              "fullTitle": "10 - Faça o quadro de pixels ter seu tamanho definido pelo usuário. Verifica se o input está posicionado entre a paleta de cores e o quadro de pixels",
              "timedOut": null,
              "duration": 4508,
              "state": "failed",
              "speed": null,
              "pass": false,
              "fail": true,
              "pending": false,
              "context": null,
              "code": "cy.get('#color-palette').then(function (palette) {\n  cy.get('#board-size').should('be.belowOf', palette);\n});\ncy.get('#board-size').then(function (palette) {\n  cy.get('#pixel-board').should('be.belowOf', palette);\n});",
              "err": {
                "message": "CypressError: Timed out retrying: Expected to find element: '#board-size', but never found it.",
                "estack": "CypressError: Timed out retrying: Expected to find element: '#board-size', but never found it.\n    at cypressErr (http://localhost:33389/__cypress/runner/cypress_runner.js:149934:9)\n    at throwErr (http://localhost:33389/__cypress/runner/cypress_runner.js:149867:11)\n    at Object.throwErrByPath (http://localhost:33389/__cypress/runner/cypress_runner.js:149915:3)\n    at retry (http://localhost:33389/__cypress/runner/cypress_runner.js:144197:19)\n    at onFailFn (http://localhost:33389/__cypress/runner/cypress_runner.js:132448:16)\n    at tryCatcher (http://localhost:33389/__cypress/runner/cypress_runner.js:167415:23)\n    at Promise._settlePromiseFromHandler (http://localhost:33389/__cypress/runner/cypress_runner.js:165351:31)\n    at Promise._settlePromise (http://localhost:33389/__cypress/runner/cypress_runner.js:165408:18)\n    at Promise._settlePromise0 (http://localhost:33389/__cypress/runner/cypress_runner.js:165453:10)\n    at Promise._settlePromises (http://localhost:33389/__cypress/runner/cypress_runner.js:165528:18)\n    at Async../node_modules/bluebird/js/release/async.js.Async._drainQueue (http://localhost:33389/__cypress/runner/cypress_runner.js:162140:16)\n    at Async../node_modules/bluebird/js/release/async.js.Async._drainQueues (http://localhost:33389/__cypress/runner/cypress_runner.js:162150:10)\n    at Async.drainQueues (http://localhost:33389/__cypress/runner/cypress_runner.js:162024:14)",
                "diff": null
              },
              "uuid": "e07ccc2f-6c40-4dd8-87cb-f484df3d1b21",
              "parentUUID": "9617fc68-8932-4381-af56-5c0de493b3a6",
              "isHook": false,
              "skipped": false
            },
            {
              "title": "Verifica se o botão está posicionado ao lado do input",
              "fullTitle": "10 - Faça o quadro de pixels ter seu tamanho definido pelo usuário. Verifica se o botão está posicionado ao lado do input",
              "timedOut": null,
              "duration": 4466,
              "state": "failed",
              "speed": null,
              "pass": false,
              "fail": true,
              "pending": false,
              "context": null,
              "code": "cy.get('#board-size').then(function (board) {\n  cy.get('#generate-board').should('be.onTheRightOf', board);\n});",
              "err": {
                "message": "CypressError: Timed out retrying: Expected to find element: '#board-size', but never found it.",
                "estack": "CypressError: Timed out retrying: Expected to find element: '#board-size', but never found it.\n    at cypressErr (http://localhost:33389/__cypress/runner/cypress_runner.js:149934:9)\n    at throwErr (http://localhost:33389/__cypress/runner/cypress_runner.js:149867:11)\n    at Object.throwErrByPath (http://localhost:33389/__cypress/runner/cypress_runner.js:149915:3)\n    at retry (http://localhost:33389/__cypress/runner/cypress_runner.js:144197:19)\n    at onFailFn (http://localhost:33389/__cypress/runner/cypress_runner.js:132448:16)\n    at tryCatcher (http://localhost:33389/__cypress/runner/cypress_runner.js:167415:23)\n    at Promise._settlePromiseFromHandler (http://localhost:33389/__cypress/runner/cypress_runner.js:165351:31)\n    at Promise._settlePromise (http://localhost:33389/__cypress/runner/cypress_runner.js:165408:18)\n    at Promise._settlePromise0 (http://localhost:33389/__cypress/runner/cypress_runner.js:165453:10)\n    at Promise._settlePromises (http://localhost:33389/__cypress/runner/cypress_runner.js:165528:18)\n    at Async../node_modules/bluebird/js/release/async.js.Async._drainQueue (http://localhost:33389/__cypress/runner/cypress_runner.js:162140:16)\n    at Async../node_modules/bluebird/js/release/async.js.Async._drainQueues (http://localhost:33389/__cypress/runner/cypress_runner.js:162150:10)\n    at Async.drainQueues (http://localhost:33389/__cypress/runner/cypress_runner.js:162024:14)",
                "diff": null
              },
              "uuid": "35a73c9d-f899-4fb6-a7c7-5da55fbf8a5b",
              "parentUUID": "9617fc68-8932-4381-af56-5c0de493b3a6",
              "isHook": false,
              "skipped": false
            },
            {
              "title": "Verifica se nenhum valor for colocado no input ao clicar no botão, um `alert` é exibido com o texto: 'Board inválido!'",
              "fullTitle": "10 - Faça o quadro de pixels ter seu tamanho definido pelo usuário. Verifica se nenhum valor for colocado no input ao clicar no botão, um `alert` é exibido com o texto: 'Board inválido!'",
              "timedOut": null,
              "duration": 4520,
              "state": "failed",
              "speed": null,
              "pass": false,
              "fail": true,
              "pending": false,
              "context": null,
              "code": "var alerted = false;\ncy.on('window:alert', function (msg) {\n  return alerted = msg;\n});\ncy.get('#generate-board').click().then(function () {\n  return expect(alerted).to.match(/Board inválido!/i);\n});",
              "err": {
                "message": "CypressError: Timed out retrying: Expected to find element: '#generate-board', but never found it.",
                "estack": "CypressError: Timed out retrying: Expected to find element: '#generate-board', but never found it.\n    at cypressErr (http://localhost:33389/__cypress/runner/cypress_runner.js:149934:9)\n    at throwErr (http://localhost:33389/__cypress/runner/cypress_runner.js:149867:11)\n    at Object.throwErrByPath (http://localhost:33389/__cypress/runner/cypress_runner.js:149915:3)\n    at retry (http://localhost:33389/__cypress/runner/cypress_runner.js:144197:19)\n    at onFailFn (http://localhost:33389/__cypress/runner/cypress_runner.js:132448:16)\n    at tryCatcher (http://localhost:33389/__cypress/runner/cypress_runner.js:167415:23)\n    at Promise._settlePromiseFromHandler (http://localhost:33389/__cypress/runner/cypress_runner.js:165351:31)\n    at Promise._settlePromise (http://localhost:33389/__cypress/runner/cypress_runner.js:165408:18)\n    at Promise._settlePromise0 (http://localhost:33389/__cypress/runner/cypress_runner.js:165453:10)\n    at Promise._settlePromises (http://localhost:33389/__cypress/runner/cypress_runner.js:165528:18)\n    at Async../node_modules/bluebird/js/release/async.js.Async._drainQueue (http://localhost:33389/__cypress/runner/cypress_runner.js:162140:16)\n    at Async../node_modules/bluebird/js/release/async.js.Async._drainQueues (http://localhost:33389/__cypress/runner/cypress_runner.js:162150:10)\n    at Async.drainQueues (http://localhost:33389/__cypress/runner/cypress_runner.js:162024:14)",
                "diff": null
              },
              "uuid": "1fea06a1-fc38-4904-92f6-a60996d835b3",
              "parentUUID": "9617fc68-8932-4381-af56-5c0de493b3a6",
              "isHook": false,
              "skipped": false
            },
            {
              "title": "Verifica se ao clicar no botão com um valor preenchido, o tamanho do board muda.",
              "fullTitle": "10 - Faça o quadro de pixels ter seu tamanho definido pelo usuário. Verifica se ao clicar no botão com um valor preenchido, o tamanho do board muda.",
              "timedOut": null,
              "duration": 4510,
              "state": "failed",
              "speed": null,
              "pass": false,
              "fail": true,
              "pending": false,
              "context": null,
              "code": "cy.get('#board-size').clear().type(10);\ncy.get('#generate-board').click();\ncy.get('.pixel').should('have.length', 100);",
              "err": {
                "message": "CypressError: Timed out retrying: Expected to find element: '#board-size', but never found it.",
                "estack": "CypressError: Timed out retrying: Expected to find element: '#board-size', but never found it.\n    at cypressErr (http://localhost:33389/__cypress/runner/cypress_runner.js:149934:9)\n    at throwErr (http://localhost:33389/__cypress/runner/cypress_runner.js:149867:11)\n    at Object.throwErrByPath (http://localhost:33389/__cypress/runner/cypress_runner.js:149915:3)\n    at retry (http://localhost:33389/__cypress/runner/cypress_runner.js:144197:19)\n    at onFailFn (http://localhost:33389/__cypress/runner/cypress_runner.js:132448:16)\n    at tryCatcher (http://localhost:33389/__cypress/runner/cypress_runner.js:167415:23)\n    at Promise._settlePromiseFromHandler (http://localhost:33389/__cypress/runner/cypress_runner.js:165351:31)\n    at Promise._settlePromise (http://localhost:33389/__cypress/runner/cypress_runner.js:165408:18)\n    at Promise._settlePromise0 (http://localhost:33389/__cypress/runner/cypress_runner.js:165453:10)\n    at Promise._settlePromises (http://localhost:33389/__cypress/runner/cypress_runner.js:165528:18)\n    at Async../node_modules/bluebird/js/release/async.js.Async._drainQueue (http://localhost:33389/__cypress/runner/cypress_runner.js:162140:16)\n    at Async../node_modules/bluebird/js/release/async.js.Async._drainQueues (http://localhost:33389/__cypress/runner/cypress_runner.js:162150:10)\n    at Async.drainQueues (http://localhost:33389/__cypress/runner/cypress_runner.js:162024:14)",
                "diff": null
              },
              "uuid": "c07b8ade-3705-40aa-988b-3e831da585a6",
              "parentUUID": "9617fc68-8932-4381-af56-5c0de493b3a6",
              "isHook": false,
              "skipped": false
            },
            {
              "title": "Verifica se o novo quadro tem todos os pixels preenchidos com a cor branca",
              "fullTitle": "10 - Faça o quadro de pixels ter seu tamanho definido pelo usuário. Verifica se o novo quadro tem todos os pixels preenchidos com a cor branca",
              "timedOut": null,
              "duration": 4559,
              "state": "failed",
              "speed": null,
              "pass": false,
              "fail": true,
              "pending": false,
              "context": null,
              "code": "cy.get('#board-size').clear().type(6);\ncy.get('#generate-board').click();\ncy.get('.pixel').should('have.length', 36).each(function (pixel) {\n  expect(pixel).to.have.css('background-color', WHITE);\n});",
              "err": {
                "message": "CypressError: Timed out retrying: Expected to find element: '#board-size', but never found it.",
                "estack": "CypressError: Timed out retrying: Expected to find element: '#board-size', but never found it.\n    at cypressErr (http://localhost:33389/__cypress/runner/cypress_runner.js:149934:9)\n    at throwErr (http://localhost:33389/__cypress/runner/cypress_runner.js:149867:11)\n    at Object.throwErrByPath (http://localhost:33389/__cypress/runner/cypress_runner.js:149915:3)\n    at retry (http://localhost:33389/__cypress/runner/cypress_runner.js:144197:19)\n    at onFailFn (http://localhost:33389/__cypress/runner/cypress_runner.js:132448:16)\n    at tryCatcher (http://localhost:33389/__cypress/runner/cypress_runner.js:167415:23)\n    at Promise._settlePromiseFromHandler (http://localhost:33389/__cypress/runner/cypress_runner.js:165351:31)\n    at Promise._settlePromise (http://localhost:33389/__cypress/runner/cypress_runner.js:165408:18)\n    at Promise._settlePromise0 (http://localhost:33389/__cypress/runner/cypress_runner.js:165453:10)\n    at Promise._settlePromises (http://localhost:33389/__cypress/runner/cypress_runner.js:165528:18)\n    at Async../node_modules/bluebird/js/release/async.js.Async._drainQueue (http://localhost:33389/__cypress/runner/cypress_runner.js:162140:16)\n    at Async../node_modules/bluebird/js/release/async.js.Async._drainQueues (http://localhost:33389/__cypress/runner/cypress_runner.js:162150:10)\n    at Async.drainQueues (http://localhost:33389/__cypress/runner/cypress_runner.js:162024:14)",
                "diff": null
              },
              "uuid": "0b188eb7-b167-47cf-9afe-6685a3a334d9",
              "parentUUID": "9617fc68-8932-4381-af56-5c0de493b3a6",
              "isHook": false,
              "skipped": false
            }
          ],
          "suites": [],
          "passes": [],
          "failures": [
            "e1c8fb0f-872a-4db9-9808-ff915fff9dbd",
            "50cb5b45-df35-44c5-89f2-2255a12d120c",
            "6f185da0-3666-44c3-936a-c5cc0d00bf17",
            "a7a0aaab-7129-46ac-a1aa-20208a4cd83d",
            "e07ccc2f-6c40-4dd8-87cb-f484df3d1b21",
            "35a73c9d-f899-4fb6-a7c7-5da55fbf8a5b",
            "1fea06a1-fc38-4904-92f6-a60996d835b3",
            "c07b8ade-3705-40aa-988b-3e831da585a6",
            "0b188eb7-b167-47cf-9afe-6685a3a334d9"
          ],
          "pending": [],
          "skipped": [],
          "duration": 40834,
          "root": false,
          "rootEmpty": false,
          "_timeout": 2000
        },
        {
          "uuid": "11911146-f9ce-4e12-a645-5425615c0cd9",
          "title": "11 - Limite o tamanho mínimo e máximo do board.",
          "fullFile": "",
          "file": "",
          "beforeHooks": [],
          "afterHooks": [],
          "tests": [
            {
              "title": "Verifica se a altura máxima do board é 50",
              "fullTitle": "11 - Limite o tamanho mínimo e máximo do board. Verifica se a altura máxima do board é 50",
              "timedOut": null,
              "duration": 4730,
              "state": "failed",
              "speed": null,
              "pass": false,
              "fail": true,
              "pending": false,
              "context": null,
              "code": "cy.get('#board-size').clear().type(50);\ncy.get('#generate-board').click();\ncy.get('.pixel').should('have.length', 2500);",
              "err": {
                "message": "CypressError: Timed out retrying: Expected to find element: '#board-size', but never found it.",
                "estack": "CypressError: Timed out retrying: Expected to find element: '#board-size', but never found it.\n    at cypressErr (http://localhost:33389/__cypress/runner/cypress_runner.js:149934:9)\n    at throwErr (http://localhost:33389/__cypress/runner/cypress_runner.js:149867:11)\n    at Object.throwErrByPath (http://localhost:33389/__cypress/runner/cypress_runner.js:149915:3)\n    at retry (http://localhost:33389/__cypress/runner/cypress_runner.js:144197:19)\n    at onFailFn (http://localhost:33389/__cypress/runner/cypress_runner.js:132448:16)\n    at tryCatcher (http://localhost:33389/__cypress/runner/cypress_runner.js:167415:23)\n    at Promise._settlePromiseFromHandler (http://localhost:33389/__cypress/runner/cypress_runner.js:165351:31)\n    at Promise._settlePromise (http://localhost:33389/__cypress/runner/cypress_runner.js:165408:18)\n    at Promise._settlePromise0 (http://localhost:33389/__cypress/runner/cypress_runner.js:165453:10)\n    at Promise._settlePromises (http://localhost:33389/__cypress/runner/cypress_runner.js:165528:18)\n    at Async../node_modules/bluebird/js/release/async.js.Async._drainQueue (http://localhost:33389/__cypress/runner/cypress_runner.js:162140:16)\n    at Async../node_modules/bluebird/js/release/async.js.Async._drainQueues (http://localhost:33389/__cypress/runner/cypress_runner.js:162150:10)\n    at Async.drainQueues (http://localhost:33389/__cypress/runner/cypress_runner.js:162024:14)",
                "diff": null
              },
              "uuid": "721425e8-f683-4b57-9b39-e951c2d4c3c8",
              "parentUUID": "11911146-f9ce-4e12-a645-5425615c0cd9",
              "isHook": false,
              "skipped": false
            },
            {
              "title": "Verifica se a altura do board é 5 quando um valor menor é colocado no input",
              "fullTitle": "11 - Limite o tamanho mínimo e máximo do board. Verifica se a altura do board é 5 quando um valor menor é colocado no input",
              "timedOut": null,
              "duration": 4488,
              "state": "failed",
              "speed": null,
              "pass": false,
              "fail": true,
              "pending": false,
              "context": null,
              "code": "cy.get('#board-size').clear().type(4);\ncy.get('#generate-board').click();\ncy.get('.pixel').should('have.length', 25);",
              "err": {
                "message": "CypressError: Timed out retrying: Expected to find element: '#board-size', but never found it.",
                "estack": "CypressError: Timed out retrying: Expected to find element: '#board-size', but never found it.\n    at cypressErr (http://localhost:33389/__cypress/runner/cypress_runner.js:149934:9)\n    at throwErr (http://localhost:33389/__cypress/runner/cypress_runner.js:149867:11)\n    at Object.throwErrByPath (http://localhost:33389/__cypress/runner/cypress_runner.js:149915:3)\n    at retry (http://localhost:33389/__cypress/runner/cypress_runner.js:144197:19)\n    at onFailFn (http://localhost:33389/__cypress/runner/cypress_runner.js:132448:16)\n    at tryCatcher (http://localhost:33389/__cypress/runner/cypress_runner.js:167415:23)\n    at Promise._settlePromiseFromHandler (http://localhost:33389/__cypress/runner/cypress_runner.js:165351:31)\n    at Promise._settlePromise (http://localhost:33389/__cypress/runner/cypress_runner.js:165408:18)\n    at Promise._settlePromise0 (http://localhost:33389/__cypress/runner/cypress_runner.js:165453:10)\n    at Promise._settlePromises (http://localhost:33389/__cypress/runner/cypress_runner.js:165528:18)\n    at Async../node_modules/bluebird/js/release/async.js.Async._drainQueue (http://localhost:33389/__cypress/runner/cypress_runner.js:162140:16)\n    at Async../node_modules/bluebird/js/release/async.js.Async._drainQueues (http://localhost:33389/__cypress/runner/cypress_runner.js:162150:10)\n    at Async.drainQueues (http://localhost:33389/__cypress/runner/cypress_runner.js:162024:14)",
                "diff": null
              },
              "uuid": "81ebd5b4-cb18-4eab-9e62-ff6ec58a880e",
              "parentUUID": "11911146-f9ce-4e12-a645-5425615c0cd9",
              "isHook": false,
              "skipped": false
            },
            {
              "title": "Verifica se a altura do board é 50 quando um valor maior é colocado no input",
              "fullTitle": "11 - Limite o tamanho mínimo e máximo do board. Verifica se a altura do board é 50 quando um valor maior é colocado no input",
              "timedOut": null,
              "duration": 4525,
              "state": "failed",
              "speed": null,
              "pass": false,
              "fail": true,
              "pending": false,
              "context": null,
              "code": "cy.get('#board-size').clear().type(51);\ncy.get('#generate-board').click();\ncy.get('.pixel').should('have.length', 2500);",
              "err": {
                "message": "CypressError: Timed out retrying: Expected to find element: '#board-size', but never found it.",
                "estack": "CypressError: Timed out retrying: Expected to find element: '#board-size', but never found it.\n    at cypressErr (http://localhost:33389/__cypress/runner/cypress_runner.js:149934:9)\n    at throwErr (http://localhost:33389/__cypress/runner/cypress_runner.js:149867:11)\n    at Object.throwErrByPath (http://localhost:33389/__cypress/runner/cypress_runner.js:149915:3)\n    at retry (http://localhost:33389/__cypress/runner/cypress_runner.js:144197:19)\n    at onFailFn (http://localhost:33389/__cypress/runner/cypress_runner.js:132448:16)\n    at tryCatcher (http://localhost:33389/__cypress/runner/cypress_runner.js:167415:23)\n    at Promise._settlePromiseFromHandler (http://localhost:33389/__cypress/runner/cypress_runner.js:165351:31)\n    at Promise._settlePromise (http://localhost:33389/__cypress/runner/cypress_runner.js:165408:18)\n    at Promise._settlePromise0 (http://localhost:33389/__cypress/runner/cypress_runner.js:165453:10)\n    at Promise._settlePromises (http://localhost:33389/__cypress/runner/cypress_runner.js:165528:18)\n    at Async../node_modules/bluebird/js/release/async.js.Async._drainQueue (http://localhost:33389/__cypress/runner/cypress_runner.js:162140:16)\n    at Async../node_modules/bluebird/js/release/async.js.Async._drainQueues (http://localhost:33389/__cypress/runner/cypress_runner.js:162150:10)\n    at Async.drainQueues (http://localhost:33389/__cypress/runner/cypress_runner.js:162024:14)",
                "diff": null
              },
              "uuid": "b3bfe373-f51c-4e45-9b4c-e753c4d8fd6f",
              "parentUUID": "11911146-f9ce-4e12-a645-5425615c0cd9",
              "isHook": false,
              "skipped": false
            }
          ],
          "suites": [],
          "passes": [],
          "failures": [
            "721425e8-f683-4b57-9b39-e951c2d4c3c8",
            "81ebd5b4-cb18-4eab-9e62-ff6ec58a880e",
            "b3bfe373-f51c-4e45-9b4c-e753c4d8fd6f"
          ],
          "pending": [],
          "skipped": [],
          "duration": 13743,
          "root": false,
          "rootEmpty": false,
          "_timeout": 2000
        },
        {
          "uuid": "b19a2225-b14a-4c13-a24f-e9359e15b112",
          "title": "12 - Faça com que as cores da paleta sejam geradas aleatoriamente ao carregar a página.",
          "fullFile": "",
          "file": "",
          "beforeHooks": [],
          "afterHooks": [],
          "tests": [
            {
              "title": "Verifica se as cores geradas na paleta são diferentes a cada carregamento da página",
              "fullTitle": "12 - Faça com que as cores da paleta sejam geradas aleatoriamente ao carregar a página. Verifica se as cores geradas na paleta são diferentes a cada carregamento da página",
              "timedOut": null,
              "duration": 684,
              "state": "failed",
              "speed": null,
              "pass": false,
              "fail": true,
              "pending": false,
              "context": null,
              "code": "cy.get('.color').then(function (colors) {\n  var currentColors;\n  var previousColors;\n  previousColors = Array.from(colors).map(function (color) {\n    return Cypress.$(color).css('background-color');\n  });\n  for (var i = 0; i < 5; i += 1) {\n    cy.reload();\n    cy.get('.color').then(function (colors) {\n      currentColors = Array.from(colors).map(function (color) {\n        return Cypress.$(color).css('background-color');\n      });\n      expect(currentColors).not.to.deep.equal(previousColors);\n      previousColors = currentColors;\n    });\n  }\n});",
              "err": {
                "message": "AssertionError: expected [ Array(4) ] to not deeply equal [ Array(4) ]",
                "estack": "AssertionError: expected [ Array(4) ] to not deeply equal [ Array(4) ]\n    at getRet (http://localhost:33389/__cypress/runner/cypress_runner.js:136585:16)\n    at tryCatcher (http://localhost:33389/__cypress/runner/cypress_runner.js:167415:23)\n    at Function.Promise.attempt.Promise.try (http://localhost:33389/__cypress/runner/cypress_runner.js:164690:29)\n    at Context.thenFn (http://localhost:33389/__cypress/runner/cypress_runner.js:136599:23)\n    at Context.then (http://localhost:33389/__cypress/runner/cypress_runner.js:136971:21)\n    at Context.<anonymous> (http://localhost:33389/__cypress/runner/cypress_runner.js:148875:21)\n    at http://localhost:33389/__cypress/runner/cypress_runner.js:148351:33\n    at tryCatcher (http://localhost:33389/__cypress/runner/cypress_runner.js:167415:23)\n    at Promise._settlePromiseFromHandler (http://localhost:33389/__cypress/runner/cypress_runner.js:165351:31)\n    at Promise._settlePromise (http://localhost:33389/__cypress/runner/cypress_runner.js:165408:18)\n    at Promise._settlePromiseCtx (http://localhost:33389/__cypress/runner/cypress_runner.js:165445:10)\n    at Async../node_modules/bluebird/js/release/async.js.Async._drainQueue (http://localhost:33389/__cypress/runner/cypress_runner.js:162145:12)\n    at Async../node_modules/bluebird/js/release/async.js.Async._drainQueues (http://localhost:33389/__cypress/runner/cypress_runner.js:162150:10)\n    at Async.drainQueues (http://localhost:33389/__cypress/runner/cypress_runner.js:162024:14)",
                "diff": ""
              },
              "uuid": "283a479b-ce56-4893-9f74-acc98dcb99b6",
              "parentUUID": "b19a2225-b14a-4c13-a24f-e9359e15b112",
              "isHook": false,
              "skipped": false
            },
            {
              "title": "Verifica se a cor preta ainda está presente e é a primeira na sua paleta de cores",
              "fullTitle": "12 - Faça com que as cores da paleta sejam geradas aleatoriamente ao carregar a página. Verifica se a cor preta ainda está presente e é a primeira na sua paleta de cores",
              "timedOut": null,
              "duration": 710,
              "state": "failed",
              "speed": null,
              "pass": false,
              "fail": true,
              "pending": false,
              "context": null,
              "code": "cy.get('.color').then(function (colors) {\n  var currentColors;\n  var previousColors;\n  previousColors = Array.from(colors).map(function (color) {\n    return Cypress.$(color).css('background-color');\n  });\n  expect(previousColors[0]).to.eq(BLACK);\n  for (var i = 0; i < 5; i += 1) {\n    cy.reload();\n    cy.get('.color').then(function (colors) {\n      currentColors = Array.from(colors).map(function (color) {\n        return Cypress.$(color).css('background-color');\n      });\n      expect(currentColors[0]).to.eq(BLACK);\n      expect(currentColors).not.to.deep.equal(previousColors);\n      previousColors = currentColors;\n    });\n  }\n});",
              "err": {
                "message": "AssertionError: expected [ Array(4) ] to not deeply equal [ Array(4) ]",
                "estack": "AssertionError: expected [ Array(4) ] to not deeply equal [ Array(4) ]\n    at getRet (http://localhost:33389/__cypress/runner/cypress_runner.js:136585:16)\n    at tryCatcher (http://localhost:33389/__cypress/runner/cypress_runner.js:167415:23)\n    at Function.Promise.attempt.Promise.try (http://localhost:33389/__cypress/runner/cypress_runner.js:164690:29)\n    at Context.thenFn (http://localhost:33389/__cypress/runner/cypress_runner.js:136599:23)\n    at Context.then (http://localhost:33389/__cypress/runner/cypress_runner.js:136971:21)\n    at Context.<anonymous> (http://localhost:33389/__cypress/runner/cypress_runner.js:148875:21)\n    at http://localhost:33389/__cypress/runner/cypress_runner.js:148351:33\n    at tryCatcher (http://localhost:33389/__cypress/runner/cypress_runner.js:167415:23)\n    at Promise._settlePromiseFromHandler (http://localhost:33389/__cypress/runner/cypress_runner.js:165351:31)\n    at Promise._settlePromise (http://localhost:33389/__cypress/runner/cypress_runner.js:165408:18)\n    at Promise._settlePromiseCtx (http://localhost:33389/__cypress/runner/cypress_runner.js:165445:10)\n    at Async../node_modules/bluebird/js/release/async.js.Async._drainQueue (http://localhost:33389/__cypress/runner/cypress_runner.js:162145:12)\n    at Async../node_modules/bluebird/js/release/async.js.Async._drainQueues (http://localhost:33389/__cypress/runner/cypress_runner.js:162150:10)\n    at Async.drainQueues (http://localhost:33389/__cypress/runner/cypress_runner.js:162024:14)",
                "diff": ""
              },
              "uuid": "7f239b22-26d7-4878-8813-044f8436a3b2",
              "parentUUID": "b19a2225-b14a-4c13-a24f-e9359e15b112",
              "isHook": false,
              "skipped": false
            }
          ],
          "suites": [],
          "passes": [],
          "failures": [
            "283a479b-ce56-4893-9f74-acc98dcb99b6",
            "7f239b22-26d7-4878-8813-044f8436a3b2"
          ],
          "pending": [],
          "skipped": [],
          "duration": 1394,
          "root": false,
          "rootEmpty": false,
          "_timeout": 2000
        }
      ],
      "passes": [],
      "failures": [],
      "pending": [],
      "skipped": [],
      "duration": 0,
      "root": true,
      "rootEmpty": true,
      "_timeout": 2000
    }
  ],
  "meta": {
    "mocha": {
      "version": "7.0.1"
    },
    "mochawesome": {
      "options": {
        "quiet": false,
        "reportFilename": "mochawesome",
        "saveHtml": false,
        "saveJson": true,
        "consoleReporter": "spec",
        "useInlineDiffs": false
      },
      "version": "4.1.0"
    },
    "marge": {
      "options": {
        "id": "default",
        "reportDir": "cypress/reports",
        "overwrite": true,
        "html": false,
        "json": true
      },
      "version": "4.1.0"
    }
  }
}